<?xml version="1.0" encoding="UTF-8"?>
<!-- Generated by org.testng.reporters.JUnitXMLReporter -->
<testsuite ignored="0" hostname="DESKTOP-E9KTJ4S" failures="0" tests="5" name="Default test" time="0.104" errors="0" timestamp="2022-09-27T00:21:59 IST">
  <testcase classname="qsp.CustomerModule" name="DeleteCustomer" time="0.012"/>
  <testcase classname="qsp.CustomerModule" name="ModifyCustomer" time="0.003"/>
  <testcase classname="qsp.CustomerModule" name="CreateCustomer" time="0.004"/>
  <testcase classname="qsp.CustomerModule" name="CreateCustomer" time="0.003"/>
  <testcase classname="qsp.CustomerModule" name="CreateCustomer" time="0.002"/>
</testsuite> <!-- Default test -->
