<?xml version="1.0" encoding="UTF-8"?>
<testng-results ignored="0" total="5" passed="5" failed="0" skipped="0">
  <reporter-output>
    <line>
      <![CDATA[Open Browser]]>
    </line>
    <line>
      <![CDATA[Login]]>
    </line>
    <line>
      <![CDATA[DeleteCustomer]]>
    </line>
    <line>
      <![CDATA[LogOut]]>
    </line>
    <line>
      <![CDATA[Login]]>
    </line>
    <line>
      <![CDATA[ModifyCustomer]]>
    </line>
    <line>
      <![CDATA[LogOut]]>
    </line>
    <line>
      <![CDATA[Login]]>
    </line>
    <line>
      <![CDATA[CreateCustomer]]>
    </line>
    <line>
      <![CDATA[LogOut]]>
    </line>
    <line>
      <![CDATA[Login]]>
    </line>
    <line>
      <![CDATA[CreateCustomer]]>
    </line>
    <line>
      <![CDATA[LogOut]]>
    </line>
    <line>
      <![CDATA[Login]]>
    </line>
    <line>
      <![CDATA[CreateCustomer]]>
    </line>
    <line>
      <![CDATA[LogOut]]>
    </line>
    <line>
      <![CDATA[Close Browser]]>
    </line>
  </reporter-output>
  <suite started-at="2022-09-27T00:21:58 IST" name="Default suite" finished-at="2022-09-27T00:21:59 IST" duration-ms="104">
    <groups>
    </groups>
    <test started-at="2022-09-27T00:21:58 IST" name="Default test" finished-at="2022-09-27T00:21:59 IST" duration-ms="104">
      <class name="qsp.CustomerModule">
        <test-method is-config="true" signature="OpenBrowser()[pri:0, instance:qsp.CustomerModule@39529185]" started-at="2022-09-27T00:21:58 IST" name="OpenBrowser" finished-at="2022-09-27T00:21:58 IST" duration-ms="11" status="PASS">
          <reporter-output>
            <line>
              <![CDATA[Open Browser]]>
            </line>
          </reporter-output>
        </test-method> <!-- OpenBrowser -->
        <test-method is-config="true" signature="Login()[pri:0, instance:qsp.CustomerModule@39529185]" started-at="2022-09-27T00:21:58 IST" name="Login" finished-at="2022-09-27T00:21:58 IST" duration-ms="1" status="PASS">
          <reporter-output>
            <line>
              <![CDATA[Login]]>
            </line>
          </reporter-output>
        </test-method> <!-- Login -->
        <test-method signature="DeleteCustomer()[pri:0, instance:qsp.CustomerModule@39529185]" started-at="2022-09-27T00:21:58 IST" name="DeleteCustomer" finished-at="2022-09-27T00:21:58 IST" duration-ms="12" status="PASS">
          <reporter-output>
            <line>
              <![CDATA[DeleteCustomer]]>
            </line>
          </reporter-output>
        </test-method> <!-- DeleteCustomer -->
        <test-method is-config="true" signature="LogOut()[pri:0, instance:qsp.CustomerModule@39529185]" started-at="2022-09-27T00:21:58 IST" name="LogOut" finished-at="2022-09-27T00:21:58 IST" duration-ms="1" status="PASS">
          <reporter-output>
            <line>
              <![CDATA[LogOut]]>
            </line>
          </reporter-output>
        </test-method> <!-- LogOut -->
        <test-method is-config="true" signature="Login()[pri:0, instance:qsp.CustomerModule@39529185]" started-at="2022-09-27T00:21:59 IST" name="Login" finished-at="2022-09-27T00:21:59 IST" duration-ms="1" status="PASS">
          <reporter-output>
            <line>
              <![CDATA[Login]]>
            </line>
          </reporter-output>
        </test-method> <!-- Login -->
        <test-method signature="ModifyCustomer()[pri:0, instance:qsp.CustomerModule@39529185]" started-at="2022-09-27T00:21:59 IST" name="ModifyCustomer" finished-at="2022-09-27T00:21:59 IST" duration-ms="3" status="PASS">
          <reporter-output>
            <line>
              <![CDATA[ModifyCustomer]]>
            </line>
          </reporter-output>
        </test-method> <!-- ModifyCustomer -->
        <test-method is-config="true" signature="LogOut()[pri:0, instance:qsp.CustomerModule@39529185]" started-at="2022-09-27T00:21:59 IST" name="LogOut" finished-at="2022-09-27T00:21:59 IST" duration-ms="2" status="PASS">
          <reporter-output>
            <line>
              <![CDATA[LogOut]]>
            </line>
          </reporter-output>
        </test-method> <!-- LogOut -->
        <test-method is-config="true" signature="Login()[pri:0, instance:qsp.CustomerModule@39529185]" started-at="2022-09-27T00:21:59 IST" name="Login" finished-at="2022-09-27T00:21:59 IST" duration-ms="1" status="PASS">
          <reporter-output>
            <line>
              <![CDATA[Login]]>
            </line>
          </reporter-output>
        </test-method> <!-- Login -->
        <test-method signature="CreateCustomer()[pri:1, instance:qsp.CustomerModule@39529185]" started-at="2022-09-27T00:21:59 IST" name="CreateCustomer" finished-at="2022-09-27T00:21:59 IST" duration-ms="4" status="PASS">
          <reporter-output>
            <line>
              <![CDATA[CreateCustomer]]>
            </line>
          </reporter-output>
        </test-method> <!-- CreateCustomer -->
        <test-method is-config="true" signature="LogOut()[pri:0, instance:qsp.CustomerModule@39529185]" started-at="2022-09-27T00:21:59 IST" name="LogOut" finished-at="2022-09-27T00:21:59 IST" duration-ms="1" status="PASS">
          <reporter-output>
            <line>
              <![CDATA[LogOut]]>
            </line>
          </reporter-output>
        </test-method> <!-- LogOut -->
        <test-method is-config="true" signature="Login()[pri:0, instance:qsp.CustomerModule@39529185]" started-at="2022-09-27T00:21:59 IST" name="Login" finished-at="2022-09-27T00:21:59 IST" duration-ms="1" status="PASS">
          <reporter-output>
            <line>
              <![CDATA[Login]]>
            </line>
          </reporter-output>
        </test-method> <!-- Login -->
        <test-method signature="CreateCustomer()[pri:1, instance:qsp.CustomerModule@39529185]" started-at="2022-09-27T00:21:59 IST" name="CreateCustomer" finished-at="2022-09-27T00:21:59 IST" duration-ms="3" status="PASS">
          <reporter-output>
            <line>
              <![CDATA[CreateCustomer]]>
            </line>
          </reporter-output>
        </test-method> <!-- CreateCustomer -->
        <test-method is-config="true" signature="LogOut()[pri:0, instance:qsp.CustomerModule@39529185]" started-at="2022-09-27T00:21:59 IST" name="LogOut" finished-at="2022-09-27T00:21:59 IST" duration-ms="2" status="PASS">
          <reporter-output>
            <line>
              <![CDATA[LogOut]]>
            </line>
          </reporter-output>
        </test-method> <!-- LogOut -->
        <test-method is-config="true" signature="Login()[pri:0, instance:qsp.CustomerModule@39529185]" started-at="2022-09-27T00:21:59 IST" name="Login" finished-at="2022-09-27T00:21:59 IST" duration-ms="1" status="PASS">
          <reporter-output>
            <line>
              <![CDATA[Login]]>
            </line>
          </reporter-output>
        </test-method> <!-- Login -->
        <test-method signature="CreateCustomer()[pri:1, instance:qsp.CustomerModule@39529185]" started-at="2022-09-27T00:21:59 IST" name="CreateCustomer" finished-at="2022-09-27T00:21:59 IST" duration-ms="2" status="PASS">
          <reporter-output>
            <line>
              <![CDATA[CreateCustomer]]>
            </line>
          </reporter-output>
        </test-method> <!-- CreateCustomer -->
        <test-method is-config="true" signature="LogOut()[pri:0, instance:qsp.CustomerModule@39529185]" started-at="2022-09-27T00:21:59 IST" name="LogOut" finished-at="2022-09-27T00:21:59 IST" duration-ms="0" status="PASS">
          <reporter-output>
            <line>
              <![CDATA[LogOut]]>
            </line>
          </reporter-output>
        </test-method> <!-- LogOut -->
        <test-method is-config="true" signature="CloseBrowser()[pri:0, instance:qsp.CustomerModule@39529185]" started-at="2022-09-27T00:21:59 IST" name="CloseBrowser" finished-at="2022-09-27T00:21:59 IST" duration-ms="1" status="PASS">
          <reporter-output>
            <line>
              <![CDATA[Close Browser]]>
            </line>
          </reporter-output>
        </test-method> <!-- CloseBrowser -->
      </class> <!-- qsp.CustomerModule -->
    </test> <!-- Default test -->
  </suite> <!-- Default suite -->
</testng-results>
